dpkg-buildpackage: info: source package dgxtop
dpkg-buildpackage: info: source version 1.0.0-1
dpkg-buildpackage: info: source distribution unstable
dpkg-buildpackage: info: source changed by DGXTOP Ubuntu Team <noreply@example.com>
 dpkg-source --before-build .
dpkg-buildpackage: info: host architecture arm64
 debian/rules clean
dh clean --with python3 --buildsystem=pybuild
   dh_auto_clean -O--buildsystem=pybuild
I: pybuild base:311: python3.12 setup.py clean 
/home/sj/work/dgxtopenv/lib/python3.12/site-packages/setuptools/config/_apply_pyprojecttoml.py:82: SetuptoolsDeprecationWarning: `project.license` as a TOML table is deprecated
!!

        ********************************************************************************
        Please use a simple string containing a SPDX expression for `project.license`. You can also use `project.license-files`. (Both options available on setuptools>=77.0.0).

        By 2026-Feb-18, you need to update your project and remove deprecated calls
        or your builds will no longer be supported.

        See https://packaging.python.org/en/latest/guides/writing-pyproject-toml/#license for details.
        ********************************************************************************

!!
  corresp(dist, value, root_dir)
/home/sj/work/dgxtopenv/lib/python3.12/site-packages/setuptools/config/_apply_pyprojecttoml.py:82: SetuptoolsWarning: `install_requires` overwritten in `pyproject.toml` (dependencies)
  corresp(dist, value, root_dir)
/home/sj/work/dgxtopenv/lib/python3.12/site-packages/setuptools/config/_apply_pyprojecttoml.py:61: SetuptoolsDeprecationWarning: License classifiers are deprecated.
!!

        ********************************************************************************
        Please consider removing the following classifiers in favor of a SPDX license expression:

        License :: OSI Approved :: MIT License

        See https://packaging.python.org/en/latest/guides/writing-pyproject-toml/#license for details.
        ********************************************************************************

!!
  dist._finalize_license_expression()
/home/sj/work/dgxtopenv/lib/python3.12/site-packages/setuptools/dist.py:759: SetuptoolsDeprecationWarning: License classifiers are deprecated.
!!

        ********************************************************************************
        Please consider removing the following classifiers in favor of a SPDX license expression:

        License :: OSI Approved :: MIT License

        See https://packaging.python.org/en/latest/guides/writing-pyproject-toml/#license for details.
        ********************************************************************************

!!
  self._finalize_license_expression()
running clean
removing '/home/sj/work/dgxtop/.pybuild/cpython3_3.12_dgxtop/build' (and everything under it)
'build/bdist.linux-aarch64' does not exist -- can't clean it
'build/scripts-3.12' does not exist -- can't clean it
   dh_autoreconf_clean -O--buildsystem=pybuild
   dh_clean -O--buildsystem=pybuild
 debian/rules binary
dh binary --with python3 --buildsystem=pybuild
   dh_update_autotools_config -O--buildsystem=pybuild
   dh_autoreconf -O--buildsystem=pybuild
   dh_auto_configure -O--buildsystem=pybuild
I: pybuild base:311: python3.12 setup.py config 
/home/sj/work/dgxtopenv/lib/python3.12/site-packages/setuptools/config/_apply_pyprojecttoml.py:82: SetuptoolsDeprecationWarning: `project.license` as a TOML table is deprecated
!!

        ********************************************************************************
        Please use a simple string containing a SPDX expression for `project.license`. You can also use `project.license-files`. (Both options available on setuptools>=77.0.0).

        By 2026-Feb-18, you need to update your project and remove deprecated calls
        or your builds will no longer be supported.

        See https://packaging.python.org/en/latest/guides/writing-pyproject-toml/#license for details.
        ********************************************************************************

!!
  corresp(dist, value, root_dir)
/home/sj/work/dgxtopenv/lib/python3.12/site-packages/setuptools/config/_apply_pyprojecttoml.py:82: SetuptoolsWarning: `install_requires` overwritten in `pyproject.toml` (dependencies)
  corresp(dist, value, root_dir)
/home/sj/work/dgxtopenv/lib/python3.12/site-packages/setuptools/config/_apply_pyprojecttoml.py:61: SetuptoolsDeprecationWarning: License classifiers are deprecated.
!!

        ********************************************************************************
        Please consider removing the following classifiers in favor of a SPDX license expression:

        License :: OSI Approved :: MIT License

        See https://packaging.python.org/en/latest/guides/writing-pyproject-toml/#license for details.
        ********************************************************************************

!!
  dist._finalize_license_expression()
/home/sj/work/dgxtopenv/lib/python3.12/site-packages/setuptools/dist.py:759: SetuptoolsDeprecationWarning: License classifiers are deprecated.
!!

        ********************************************************************************
        Please consider removing the following classifiers in favor of a SPDX license expression:

        License :: OSI Approved :: MIT License

        See https://packaging.python.org/en/latest/guides/writing-pyproject-toml/#license for details.
        ********************************************************************************

!!
  self._finalize_license_expression()
running config
   dh_auto_build -O--buildsystem=pybuild
I: pybuild base:311: /usr/bin/python3 setup.py build 
/usr/lib/python3/dist-packages/setuptools/config/_apply_pyprojecttoml.py:80: SetuptoolsWarning: `install_requires` overwritten in `pyproject.toml` (dependencies)
  corresp(dist, value, root_dir)
running build
running build_py
creating /home/sj/work/dgxtop/.pybuild/cpython3_3.12_dgxtop/build/dgxtop
copying dgxtop/network_monitor.py -> /home/sj/work/dgxtop/.pybuild/cpython3_3.12_dgxtop/build/dgxtop
copying dgxtop/get_ifc.py -> /home/sj/work/dgxtop/.pybuild/cpython3_3.12_dgxtop/build/dgxtop
copying dgxtop/rich_ui.py -> /home/sj/work/dgxtop/.pybuild/cpython3_3.12_dgxtop/build/dgxtop
copying dgxtop/__init__.py -> /home/sj/work/dgxtop/.pybuild/cpython3_3.12_dgxtop/build/dgxtop
copying dgxtop/main.py -> /home/sj/work/dgxtop/.pybuild/cpython3_3.12_dgxtop/build/dgxtop
copying dgxtop/config.py -> /home/sj/work/dgxtop/.pybuild/cpython3_3.12_dgxtop/build/dgxtop
copying dgxtop/logger.py -> /home/sj/work/dgxtop/.pybuild/cpython3_3.12_dgxtop/build/dgxtop
copying dgxtop/system_monitor.py -> /home/sj/work/dgxtop/.pybuild/cpython3_3.12_dgxtop/build/dgxtop
copying dgxtop/disk_monitor.py -> /home/sj/work/dgxtop/.pybuild/cpython3_3.12_dgxtop/build/dgxtop
copying dgxtop/gpu_monitor.py -> /home/sj/work/dgxtop/.pybuild/cpython3_3.12_dgxtop/build/dgxtop
running egg_info
creating dgxtop.egg-info
writing dgxtop.egg-info/PKG-INFO
writing dependency_links to dgxtop.egg-info/dependency_links.txt
writing entry points to dgxtop.egg-info/entry_points.txt
writing requirements to dgxtop.egg-info/requires.txt
writing top-level names to dgxtop.egg-info/top_level.txt
writing manifest file 'dgxtop.egg-info/SOURCES.txt'
reading manifest file 'dgxtop.egg-info/SOURCES.txt'
adding license file 'LICENSE'
writing manifest file 'dgxtop.egg-info/SOURCES.txt'
   dh_auto_test -O--buildsystem=pybuild
I: pybuild base:311: cd /home/sj/work/dgxtop/.pybuild/cpython3_3.12_dgxtop/build; python3.12 -m unittest discover -v 

----------------------------------------------------------------------
Ran 0 tests in 0.000s

NO TESTS RAN
   create-stamp debian/debhelper-build-stamp
   dh_testroot -O--buildsystem=pybuild
   dh_prep -O--buildsystem=pybuild
   dh_auto_install --destdir=debian/dgxtop/ -O--buildsystem=pybuild
I: pybuild base:311: /usr/bin/python3 setup.py install --root /home/sj/work/dgxtop/debian/dgxtop 
/usr/lib/python3/dist-packages/setuptools/config/_apply_pyprojecttoml.py:80: SetuptoolsWarning: `install_requires` overwritten in `pyproject.toml` (dependencies)
  corresp(dist, value, root_dir)
running install
/usr/lib/python3/dist-packages/setuptools/_distutils/cmd.py:66: SetuptoolsDeprecationWarning: setup.py install is deprecated.
!!

        ********************************************************************************
        Please avoid running ``setup.py`` directly.
        Instead, use pypa/build, pypa/installer or other
        standards-based tools.

        See https://blog.ganssle.io/articles/2021/10/setup-py-deprecated.html for details.
        ********************************************************************************

!!
  self.initialize_options()
running build
running build_py
running egg_info
writing dgxtop.egg-info/PKG-INFO
writing dependency_links to dgxtop.egg-info/dependency_links.txt
writing entry points to dgxtop.egg-info/entry_points.txt
writing requirements to dgxtop.egg-info/requires.txt
writing top-level names to dgxtop.egg-info/top_level.txt
reading manifest file 'dgxtop.egg-info/SOURCES.txt'
adding license file 'LICENSE'
writing manifest file 'dgxtop.egg-info/SOURCES.txt'
running install_lib
creating /home/sj/work/dgxtop/debian/dgxtop/usr
creating /home/sj/work/dgxtop/debian/dgxtop/usr/lib
creating /home/sj/work/dgxtop/debian/dgxtop/usr/lib/python3.12
creating /home/sj/work/dgxtop/debian/dgxtop/usr/lib/python3.12/dist-packages
creating /home/sj/work/dgxtop/debian/dgxtop/usr/lib/python3.12/dist-packages/dgxtop
copying /home/sj/work/dgxtop/.pybuild/cpython3_3.12_dgxtop/build/dgxtop/network_monitor.py -> /home/sj/work/dgxtop/debian/dgxtop/usr/lib/python3.12/dist-packages/dgxtop
copying /home/sj/work/dgxtop/.pybuild/cpython3_3.12_dgxtop/build/dgxtop/get_ifc.py -> /home/sj/work/dgxtop/debian/dgxtop/usr/lib/python3.12/dist-packages/dgxtop
copying /home/sj/work/dgxtop/.pybuild/cpython3_3.12_dgxtop/build/dgxtop/rich_ui.py -> /home/sj/work/dgxtop/debian/dgxtop/usr/lib/python3.12/dist-packages/dgxtop
copying /home/sj/work/dgxtop/.pybuild/cpython3_3.12_dgxtop/build/dgxtop/__init__.py -> /home/sj/work/dgxtop/debian/dgxtop/usr/lib/python3.12/dist-packages/dgxtop
copying /home/sj/work/dgxtop/.pybuild/cpython3_3.12_dgxtop/build/dgxtop/main.py -> /home/sj/work/dgxtop/debian/dgxtop/usr/lib/python3.12/dist-packages/dgxtop
copying /home/sj/work/dgxtop/.pybuild/cpython3_3.12_dgxtop/build/dgxtop/config.py -> /home/sj/work/dgxtop/debian/dgxtop/usr/lib/python3.12/dist-packages/dgxtop
copying /home/sj/work/dgxtop/.pybuild/cpython3_3.12_dgxtop/build/dgxtop/logger.py -> /home/sj/work/dgxtop/debian/dgxtop/usr/lib/python3.12/dist-packages/dgxtop
copying /home/sj/work/dgxtop/.pybuild/cpython3_3.12_dgxtop/build/dgxtop/system_monitor.py -> /home/sj/work/dgxtop/debian/dgxtop/usr/lib/python3.12/dist-packages/dgxtop
copying /home/sj/work/dgxtop/.pybuild/cpython3_3.12_dgxtop/build/dgxtop/disk_monitor.py -> /home/sj/work/dgxtop/debian/dgxtop/usr/lib/python3.12/dist-packages/dgxtop
copying /home/sj/work/dgxtop/.pybuild/cpython3_3.12_dgxtop/build/dgxtop/gpu_monitor.py -> /home/sj/work/dgxtop/debian/dgxtop/usr/lib/python3.12/dist-packages/dgxtop
creating /home/sj/work/dgxtop/debian/dgxtop/usr/lib/python3.12/dist-packages/dgxtop/__pycache__
copying /home/sj/work/dgxtop/.pybuild/cpython3_3.12_dgxtop/build/dgxtop/__pycache__/__init__.cpython-312.pyc -> /home/sj/work/dgxtop/debian/dgxtop/usr/lib/python3.12/dist-packages/dgxtop/__pycache__
byte-compiling /home/sj/work/dgxtop/debian/dgxtop/usr/lib/python3.12/dist-packages/dgxtop/network_monitor.py to network_monitor.cpython-312.pyc
byte-compiling /home/sj/work/dgxtop/debian/dgxtop/usr/lib/python3.12/dist-packages/dgxtop/get_ifc.py to get_ifc.cpython-312.pyc
byte-compiling /home/sj/work/dgxtop/debian/dgxtop/usr/lib/python3.12/dist-packages/dgxtop/rich_ui.py to rich_ui.cpython-312.pyc
byte-compiling /home/sj/work/dgxtop/debian/dgxtop/usr/lib/python3.12/dist-packages/dgxtop/__init__.py to __init__.cpython-312.pyc
byte-compiling /home/sj/work/dgxtop/debian/dgxtop/usr/lib/python3.12/dist-packages/dgxtop/main.py to main.cpython-312.pyc
byte-compiling /home/sj/work/dgxtop/debian/dgxtop/usr/lib/python3.12/dist-packages/dgxtop/config.py to config.cpython-312.pyc
byte-compiling /home/sj/work/dgxtop/debian/dgxtop/usr/lib/python3.12/dist-packages/dgxtop/logger.py to logger.cpython-312.pyc
byte-compiling /home/sj/work/dgxtop/debian/dgxtop/usr/lib/python3.12/dist-packages/dgxtop/system_monitor.py to system_monitor.cpython-312.pyc
byte-compiling /home/sj/work/dgxtop/debian/dgxtop/usr/lib/python3.12/dist-packages/dgxtop/disk_monitor.py to disk_monitor.cpython-312.pyc
byte-compiling /home/sj/work/dgxtop/debian/dgxtop/usr/lib/python3.12/dist-packages/dgxtop/gpu_monitor.py to gpu_monitor.cpython-312.pyc
running install_egg_info
Copying dgxtop.egg-info to /home/sj/work/dgxtop/debian/dgxtop/usr/lib/python3.12/dist-packages/dgxtop-1.0.0.egg-info
Skipping SOURCES.txt
running install_scripts
Installing dgxtop script to /home/sj/work/dgxtop/debian/dgxtop/usr/bin
   dh_installdocs -O--buildsystem=pybuild
   dh_installchangelogs -O--buildsystem=pybuild
   dh_python3 -O--buildsystem=pybuild
   dh_installsystemduser -O--buildsystem=pybuild
   dh_perl -O--buildsystem=pybuild
   dh_link -O--buildsystem=pybuild
   dh_strip_nondeterminism -O--buildsystem=pybuild
   dh_compress -O--buildsystem=pybuild
   dh_fixperms -O--buildsystem=pybuild
   dh_missing -O--buildsystem=pybuild
   dh_installdeb -O--buildsystem=pybuild
   dh_gencontrol -O--buildsystem=pybuild
   dh_md5sums -O--buildsystem=pybuild
   dh_builddeb -O--buildsystem=pybuild
dpkg-deb: building package 'dgxtop' in '../dgxtop_1.0.0-1_all.deb'.
 dpkg-genbuildinfo --build=binary -O../dgxtop_1.0.0-1_arm64.buildinfo
 dpkg-genchanges --build=binary -O../dgxtop_1.0.0-1_arm64.changes
dpkg-genchanges: info: binary-only upload (no source code included)
 dpkg-source --after-build .
dpkg-buildpackage: info: binary-only upload (no source included)
